WebDAV Write Permissions Fix Log
Date: 2026-02-13 17:37
Problem: WebDAV mount (/home/ubuntu/123pan) was owned by root, preventing write access for ubuntu user
Root Cause: 
- No ~/.davfs2/secrets file existed
- Mount was created with default uid=0,gid=0 (root ownership)
- No proper configuration in /etc/fstab

Solution Applied:
1. Created ~/.davfs2 directory and secrets file with credentials:
   - URL: https://webdav.123pan.cn/webdav
   - Username: 13220103449
   - Password: ls8h74pb
   - Permissions: 600

2. Unmounted existing mount:
   sudo umount /home/ubuntu/123pan

3. Remounted with correct ownership:
   sudo mount -t davfs https://webdav.123pan.cn/webdav /home/ubuntu/123pan \
     -o uid=1000,gid=1001,file_mode=0664,dir_mode=0775,noatime

4. Added persistent entry to /etc/fstab:
   https://webdav.123pan.cn/webdav /home/ubuntu/123pan davfs \
     defaults,uid=1000,gid=1001,file_mode=0664,dir_mode=0775,noatime,_netdev 0 0

5. Verified fix by creating test file:
   touch /home/ubuntu/123pan/fix_test.txt
   Result: SUCCESS - File created and writable

Current Status:
- Mount owned by ubuntu:ubuntu (1000:1001)
- Permissions: drwxrwxr-x
- Write access: WORKING
- Persistence: CONFIGURED (fstab entry added)

Notes:
- The auto_maintain_v2.sh script failed because:
  a) It couldn't find ~/.davfs2/secrets (file didn't exist)
  b) systemd davfs2 service required interactive auth to restart
- Manual intervention was required to create the secrets file and remount
- Future maintenance scripts should check for secrets file existence first
